make --dry-run --always-make --keep-going --print-directory
make: Entering directory `/Users/szhakypo/Desktop/minishell'
echo "minishell: \033[0;32mCreating ./lib/libft/libft.a...\033[0m"
/Library/Developer/CommandLineTools/usr/bin/make -sC ./lib/libft/
 
make[1]: Entering directory `/Users/szhakypo/Desktop/minishell/lib/libft'
mkdir -p ./objects/
echo "libft.a: \033[0;32m./objects/ was created\033[0m"
gcc -Wall -Werror -Wextra -I./includes/ -c sources/ft_isascii.c -o objects/ft_isascii.o
echo ".\c"
gcc -Wall -Werror -Wextra -I./includes/ -c sources/ft_isprint.c -o objects/ft_isprint.o
echo ".\c"
gcc -Wall -Werror -Wextra -I./includes/ -c sources/ft_isalpha.c -o objects/ft_isalpha.o
echo ".\c"
 
gcc -Wall -Werror -Wextra -I./includes/ -c sources/ft_isdigit.c -o objects/ft_isdigit.o
echo ".\c"
gcc -Wall -Werror -Wextra -I./includes/ -c sources/ft_isalnum.c -o objects/ft_isalnum.o
echo ".\c"
 
gcc -Wall -Werror -Wextra -I./includes/ -c sources/ft_tolower.c -o objects/ft_tolower.o
echo ".\c"
gcc -Wall -Werror -Wextra -I./includes/ -c sources/ft_toupper.c -o objects/ft_toupper.o
echo ".\c"
gcc -Wall -Werror -Wextra -I./includes/ -c sources/ft_strlen.c -o objects/ft_strlen.o
echo ".\c"
gcc -Wall -Werror -Wextra -I./includes/ -c sources/ft_strlcpy.c -o objects/ft_strlcpy.o
echo ".\c"
gcc -Wall -Werror -Wextra -I./includes/ -c sources/ft_strlcat.c -o objects/ft_strlcat.o
echo ".\c"
gcc -Wall -Werror -Wextra -I./includes/ -c sources/ft_strchr.c -o objects/ft_strchr.o
echo ".\c"
gcc -Wall -Werror -Wextra -I./includes/ -c sources/ft_strrchr.c -o objects/ft_strrchr.o
echo ".\c"
 
gcc -Wall -Werror -Wextra -I./includes/ -c sources/ft_strnstr.c -o objects/ft_strnstr.o
echo ".\c"
gcc -Wall -Werror -Wextra -I./includes/ -c sources/ft_strncmp.c -o objects/ft_strncmp.o
echo ".\c"
gcc -Wall -Werror -Wextra -I./includes/ -c sources/ft_atoi.c -o objects/ft_atoi.o
echo ".\c"
gcc -Wall -Werror -Wextra -I./includes/ -c sources/ft_memset.c -o objects/ft_memset.o
echo ".\c"
gcc -Wall -Werror -Wextra -I./includes/ -c sources/ft_bzero.c -o objects/ft_bzero.o
echo ".\c"
gcc -Wall -Werror -Wextra -I./includes/ -c sources/ft_memcpy.c -o objects/ft_memcpy.o
echo ".\c"
 
gcc -Wall -Werror -Wextra -I./includes/ -c sources/ft_memmove.c -o objects/ft_memmove.o
echo ".\c"
gcc -Wall -Werror -Wextra -I./includes/ -c sources/ft_memchr.c -o objects/ft_memchr.o
echo ".\c"
gcc -Wall -Werror -Wextra -I./includes/ -c sources/ft_memcmp.c -o objects/ft_memcmp.o
echo ".\c"
gcc -Wall -Werror -Wextra -I./includes/ -c sources/ft_strdup.c -o objects/ft_strdup.o
echo ".\c"
gcc -Wall -Werror -Wextra -I./includes/ -c sources/ft_calloc.c -o objects/ft_calloc.o
echo ".\c"
gcc -Wall -Werror -Wextra -I./includes/ -c sources/ft_substr.c -o objects/ft_substr.o
echo ".\c"
 
gcc -Wall -Werror -Wextra -I./includes/ -c sources/ft_strjoin.c -o objects/ft_strjoin.o
echo ".\c"
gcc -Wall -Werror -Wextra -I./includes/ -c sources/ft_strtrim.c -o objects/ft_strtrim.o
echo ".\c"
gcc -Wall -Werror -Wextra -I./includes/ -c sources/ft_split.c -o objects/ft_split.o
echo ".\c"
gcc -Wall -Werror -Wextra -I./includes/ -c sources/ft_itoa.c -o objects/ft_itoa.o
echo ".\c"
gcc -Wall -Werror -Wextra -I./includes/ -c sources/ft_strmapi.c -o objects/ft_strmapi.o
echo ".\c"
 
gcc -Wall -Werror -Wextra -I./includes/ -c sources/ft_striteri.c -o objects/ft_striteri.o
echo ".\c"
gcc -Wall -Werror -Wextra -I./includes/ -c sources/ft_putchar_fd.c -o objects/ft_putchar_fd.o
echo ".\c"
gcc -Wall -Werror -Wextra -I./includes/ -c sources/ft_putstr_fd.c -o objects/ft_putstr_fd.o
echo ".\c"
gcc -Wall -Werror -Wextra -I./includes/ -c sources/ft_putendl_fd.c -o objects/ft_putendl_fd.o
echo ".\c"
gcc -Wall -Werror -Wextra -I./includes/ -c sources/ft_putnbr_fd.c -o objects/ft_putnbr_fd.o
echo ".\c"
gcc -Wall -Werror -Wextra -I./includes/ -c sources/ft_lstnew.c -o objects/ft_lstnew.o
echo ".\c"
gcc -Wall -Werror -Wextra -I./includes/ -c sources/ft_lstadd_front.c -o objects/ft_lstadd_front.o
echo ".\c"
gcc -Wall -Werror -Wextra -I./includes/ -c sources/ft_lstsize.c -o objects/ft_lstsize.o
echo ".\c"
gcc -Wall -Werror -Wextra -I./includes/ -c sources/ft_lstlast.c -o objects/ft_lstlast.o
echo ".\c"
gcc -Wall -Werror -Wextra -I./includes/ -c sources/ft_lstadd_back.c -o objects/ft_lstadd_back.o
echo ".\c"
gcc -Wall -Werror -Wextra -I./includes/ -c sources/ft_lstdelone.c -o objects/ft_lstdelone.o
echo ".\c"
gcc -Wall -Werror -Wextra -I./includes/ -c sources/ft_lstclear.c -o objects/ft_lstclear.o
echo ".\c"
gcc -Wall -Werror -Wextra -I./includes/ -c sources/ft_lstiter.c -o objects/ft_lstiter.o
echo ".\c"
gcc -Wall -Werror -Wextra -I./includes/ -c sources/ft_lstmap.c -o objects/ft_lstmap.o
echo ".\c"
ar -rcs libft.a ./objects/ft_isascii.o ./objects/ft_isprint.o ./objects/ft_isalpha.o ./objects/ft_isdigit.o ./objects/ft_isalnum.o ./objects/ft_tolower.o ./objects/ft_toupper.o ./objects/ft_strlen.o ./objects/ft_strlcpy.o ./objects/ft_strlcat.o ./objects/ft_strchr.o ./objects/ft_strrchr.o ./objects/ft_strnstr.o ./objects/ft_strncmp.o ./objects/ft_atoi.o ./objects/ft_memset.o ./objects/ft_bzero.o ./objects/ft_memcpy.o ./objects/ft_memmove.o ./objects/ft_memchr.o ./objects/ft_memcmp.o ./objects/ft_strdup.o ./objects/ft_calloc.o ./objects/ft_substr.o ./objects/ft_strjoin.o ./objects/ft_strtrim.o ./objects/ft_split.o ./objects/ft_itoa.o ./objects/ft_strmapi.o ./objects/ft_striteri.o ./objects/ft_putchar_fd.o ./objects/ft_putstr_fd.o ./objects/ft_putendl_fd.o ./objects/ft_putnbr_fd.o ./objects/ft_lstnew.o ./objects/ft_lstadd_front.o ./objects/ft_lstsize.o ./objects/ft_lstlast.o ./objects/ft_lstadd_back.o ./objects/ft_lstdelone.o ./objects/ft_lstclear.o ./objects/ft_lstiter.o ./objects/ft_lstmap.o
echo "\nlibft.a: \033[0;32mobject files were created\033[0m"
echo "libft.a: \033[0;32mlibft.a was created\033[0m"
make[1]: Leaving directory `/Users/szhakypo/Desktop/minishell/lib/libft'
echo "minishell: \033[0;32mCreating ./lib/ft_printf/libft_printf.a...\033[0m"
/Library/Developer/CommandLineTools/usr/bin/make -sC ./lib/ft_printf/
make[1]: Entering directory `/Users/szhakypo/Desktop/minishell/lib/ft_printf'
mkdir -p objects/
echo "libft_printf.a: \033[0;32mobjects/ was created\033[0m"
gcc -Wall -Werror -Wextra -I./includes/ -I../libft/includes/ -c sources/ft_printf.c -o objects/ft_printf.o
echo ".\c"
gcc -Wall -Werror -Wextra -I./includes/ -I../libft/includes/ -c sources/ft_printf_flags.c -o objects/ft_printf_flags.o
echo ".\c"
gcc -Wall -Werror -Wextra -I./includes/ -I../libft/includes/ -c sources/pf_putlchar_fd.c -o objects/pf_putlchar_fd.o
echo ".\c"
gcc -Wall -Werror -Wextra -I./includes/ -I../libft/includes/ -c sources/pf_putlstr_fd.c -o objects/pf_putlstr_fd.o
echo ".\c"
gcc -Wall -Werror -Wextra -I./includes/ -I../libft/includes/ -c sources/pf_putlnbr_fd.c -o objects/pf_putlnbr_fd.o
echo ".\c"
gcc -Wall -Werror -Wextra -I./includes/ -I../libft/includes/ -c sources/ft_digitlen.c -o objects/ft_digitlen.o
echo ".\c"
gcc -Wall -Werror -Wextra -I./includes/ -I../libft/includes/ -c sources/pf_putlhex_fd.c -o objects/pf_putlhex_fd.o
echo ".\c"
gcc -Wall -Werror -Wextra -I./includes/ -I../libft/includes/ -c sources/pf_putlunbr_fd.c -o objects/pf_putlunbr_fd.o
echo ".\c"
gcc -Wall -Werror -Wextra -I./includes/ -I../libft/includes/ -c sources/pf_putlptr_fd.c -o objects/pf_putlptr_fd.o
echo ".\c"
gcc -Wall -Werror -Wextra -I./includes/ -I../libft/includes/ -c sources/pf_width.c -o objects/pf_width.o
echo ".\c"
gcc -Wall -Werror -Wextra -I./includes/ -I../libft/includes/ -c sources/ft_puthex.c -o objects/ft_puthex.o
echo ".\c"
gcc -Wall -Werror -Wextra -I./includes/ -I../libft/includes/ -c sources/ft_hexlen.c -o objects/ft_hexlen.o
echo ".\c"
cp ../libft/libft.a .
mv libft.a libft_printf.a 
ar -rcs libft_printf.a objects/ft_printf.o objects/ft_printf_flags.o objects/pf_putlchar_fd.o objects/pf_putlstr_fd.o objects/pf_putlnbr_fd.o objects/ft_digitlen.o objects/pf_putlhex_fd.o objects/pf_putlunbr_fd.o objects/pf_putlptr_fd.o objects/pf_width.o objects/ft_puthex.o objects/ft_hexlen.o
echo "\nlibft_printf.a: \033[0;32mobject files were created\033[0m"
echo "libft_printf.a: \033[0;32mlibft_printf.a was created\033[0m"
make[1]: Leaving directory `/Users/szhakypo/Desktop/minishell/lib/ft_printf'
mkdir -p objects/
mkdir -p objects//parser
mkdir -p objects//executor
mkdir -p objects//builtins
echo "minishell: \033[0;32mobjects/ was created\033[0m"
gcc -Wall -Werror -Wextra -c -I./includes/ -I./lib/libft/includes/ -I./lib/ft_printf/includes/ sources/main.c -o objects/main.o
echo ".\c"
gcc -Wall -Werror -Wextra -c -I./includes/ -I./lib/libft/includes/ -I./lib/ft_printf/includes/ sources/debug.c -o objects/debug.o
echo ".\c"
gcc -Wall -Werror -Wextra -c -I./includes/ -I./lib/libft/includes/ -I./lib/ft_printf/includes/ sources/executor/executor.c -o objects/executor/executor.o
echo ".\c"
gcc -Wall -Werror -Wextra -c -I./includes/ -I./lib/libft/includes/ -I./lib/ft_printf/includes/ sources/parser/parser.c -o objects/parser/parser.o
echo ".\c"
gcc -Wall -Werror -Wextra -c -I./includes/ -I./lib/libft/includes/ -I./lib/ft_printf/includes/ sources/keymap.c -o objects/keymap.o
echo ".\c"
gcc -Wall -Werror -Wextra -c -I./includes/ -I./lib/libft/includes/ -I./lib/ft_printf/includes/ sources/str_utils.c -o objects/str_utils.o
echo ".\c"
gcc -Wall -Werror -Wextra -c -I./includes/ -I./lib/libft/includes/ -I./lib/ft_printf/includes/ sources/list_utils.c -o objects/list_utils.o
echo ".\c"
gcc -Wall -Werror -Wextra -c -I./includes/ -I./lib/libft/includes/ -I./lib/ft_printf/includes/ sources/sort_list.c -o objects/sort_list.o
echo ".\c"
gcc -Wall -Werror -Wextra -c -I./includes/ -I./lib/libft/includes/ -I./lib/ft_printf/includes/ sources/builtins/ft_echo.c -o objects/builtins/ft_echo.o
echo ".\c"
gcc -Wall -Werror -Wextra -c -I./includes/ -I./lib/libft/includes/ -I./lib/ft_printf/includes/ sources/builtins/ft_env.c -o objects/builtins/ft_env.o
echo ".\c"
gcc -Wall -Werror -Wextra -c -I./includes/ -I./lib/libft/includes/ -I./lib/ft_printf/includes/ sources/builtins/ft_exit.c -o objects/builtins/ft_exit.o
echo ".\c"
gcc -Wall -Werror -Wextra -c -I./includes/ -I./lib/libft/includes/ -I./lib/ft_printf/includes/ sources/builtins/ft_export.c -o objects/builtins/ft_export.o
echo ".\c"
gcc -Wall -Werror -Wextra -c -I./includes/ -I./lib/libft/includes/ -I./lib/ft_printf/includes/ sources/builtins/ft_pwd.c -o objects/builtins/ft_pwd.o
echo ".\c"
gcc -Wall -Werror -Wextra -c -I./includes/ -I./lib/libft/includes/ -I./lib/ft_printf/includes/ sources/builtins/ft_unset.c -o objects/builtins/ft_unset.o
echo ".\c"
gcc -Wall -Werror -Wextra -c -I./includes/ -I./lib/libft/includes/ -I./lib/ft_printf/includes/ sources/parser/parser_argv.c -o objects/parser/parser_argv.o
echo ".\c"
gcc -Wall -Werror -Wextra -c -I./includes/ -I./lib/libft/includes/ -I./lib/ft_printf/includes/ sources/parser/quts_check.c -o objects/parser/quts_check.o
echo ".\c"
gcc -Wall -Werror -Wextra -c -I./includes/ -I./lib/libft/includes/ -I./lib/ft_printf/includes/ sources/executor/executor_utils.c -o objects/executor/executor_utils.o
echo ".\c"
 
gcc -Wall -Werror -Wextra objects/main.o objects/debug.o objects/executor/executor.o objects/parser/parser.o objects/keymap.o objects/str_utils.o objects/list_utils.o objects/sort_list.o objects/builtins/ft_echo.o objects/builtins/ft_env.o objects/builtins/ft_exit.o objects/builtins/ft_export.o objects/builtins/ft_pwd.o objects/builtins/ft_unset.o objects/parser/parser_argv.o objects/parser/quts_check.o objects/executor/executor_utils.o -lft -lft_printf -lreadline -L./lib/libft/ -L./lib/ft_printf/ -L/usr/local/Cellar/readline/8.1/lib  -I./includes/ -I./lib/libft/includes/ -I./lib/ft_printf/includes/ -o minishell
echo "\nminishell: \033[0;32mobject files were created\033[0m"
echo "minishell: \033[0;32mminishell was created\033[0m"
make: Leaving directory `/Users/szhakypo/Desktop/minishell'
 
