make all --print-data-base --no-builtin-variables --no-builtin-rules --question
# GNU Make 3.81
# Copyright (C) 2006  Free Software Foundation, Inc.
# This is free software; see the source for copying conditions.
# There is NO warranty; not even for MERCHANTABILITY or FITNESS FOR A
# PARTICULAR PURPOSE.

# This program built for i386-apple-darwin11.3.0
 

# Make data base, printed on Thu Aug 18 19:24:33 2022

# Variables

# automatic
<D = $(patsubst %/,%,$(dir $<))
# automatic
?F = $(notdir $?)
 
# makefile (from `Makefile', line 37)
SOURCES_LIST = main.c debug.c keymap.c km_utils.c str_utils.c executor/executor.c parser/parser.c parser/read_cmd.c parser/quote_checker.c
# makefile (from `Makefile', line 28)
FT_PRINTF = $(FT_PRINTF_DIRECTORY)libft_printf.a
# automatic
?D = $(patsubst %/,%,$(dir $?))
# environment
rvm_path = /Users/faraz/.rvm
# makefile (from `Makefile', line 16)
INCLUDES = -I$(HEADERS_DIRECTORY) -I$(LIBFT_HEADERS) -I$(FT_PRINTF_HEADERS)
# automatic
@D = $(patsubst %/,%,$(dir $@))
# automatic
@F = $(notdir $@)
# makefile
CURDIR := /Users/faraz/Documents/Documents/42/cursus/minishell
# makefile
SHELL = /bin/sh
# environment
VSCODE_NLS_CONFIG = {"locale":"en-us","availableLanguages":{},"_languagePackSupport":true}
# environment
_ = /usr/bin/make
# makefile (from `Makefile', line 1)
MAKEFILE_LIST :=  Makefile
# makefile (from `Makefile', line 41)
SOURCES = $(addprefix $(SOURCES_DIRECTORY), $(SOURCES_LIST))
# makefile (from `Makefile', line 43)
OBJECTS_DIRECTORY = objects/
# environment
__CFBundleIdentifier = com.microsoft.VSCode
# environment
VSCODE_CWD = /
# makefile (from `Makefile', line 30)
FT_PRINTF_HEADERS = $(FT_PRINTF_DIRECTORY)includes/
# environment
PATH = /usr/local/bin:/usr/bin:/bin:/usr/sbin:/sbin:/usr/local/share/dotnet:~/.dotnet/tools:/Library/Apple/usr/bin:/Library/Frameworks/Mono.framework/Versions/Current/Commands:/Users/faraz/Documents/Software/flutter/bin:/Users/faraz/.rvm/bin
# makefile (from `Makefile', line 29)
FT_PRINTF_DIRECTORY = $(LIB_DIRECTORY)ft_printf/
# environment
rvm_stored_umask = 0022
# environment
LaunchInstanceID = 0414837B-1BC9-4665-AEDD-A59231E9FA64
# environment
ELECTRON_RUN_AS_NODE = 1
# default
.FEATURES := target-specific order-only second-expansion else-if archives jobserver check-symlink
# environment
SSH_AUTH_SOCK = /private/tmp/com.apple.launchd.r2NM7oTGa1/Listeners
# automatic
%F = $(notdir $%)
# makefile (from `Makefile', line 33)
HEADERS_LIST = minishell.h
# makefile (from `Makefile', line 36)
SOURCES_DIRECTORY = ./sources/
# environment
rvm_bin_path = /Users/faraz/.rvm/bin
# environment
PWD = /Users/faraz/Documents/Documents/42/cursus/minishell
# environment
ORIGINAL_XDG_CURRENT_DESKTOP = undefined
# makefile (from `Makefile', line 48)
GREEN = \033[0;32m
# environment
VSCODE_AMD_ENTRYPOINT = vs/workbench/api/node/extensionHostProcess
# environment
HOME = /Users/faraz
# default
MAKEFILEPATH := /Applications/Xcode.app/Contents/Developer/Makefiles
# environment
VSCODE_CODE_CACHE_PATH = /Users/faraz/Library/Application Support/Code/CachedData/da76f93349a72022ca4670c1b84860304616aaa2
# environment
LOGNAME = faraz
# environment
APPLICATION_INSIGHTS_NO_DIAGNOSTIC_CHANNEL = 1
# makefile (from `Makefile', line 34)
HEADERS = $(addprefix $(HEADERS_DIRECTORY), $(HEADERS_LIST))
# environment
VSCODE_HANDLES_UNCAUGHT_ERRORS = true
# automatic
^D = $(patsubst %/,%,$(dir $^))
# environment
XPC_FLAGS = 0x0
# default
MAKE = $(MAKE_COMMAND)
# default
MAKECMDGOALS := all
# environment
SHLVL = 2
# makefile (from `Makefile', line 24)
LIBFT = $(LIBFT_DIRECTORY)libft.a
# makefile (from `Makefile', line 14)
CC = gcc
# makefile (from `Makefile', line 22)
LIB_DIRECTORY = ./lib/
# default
MAKE_VERSION := 3.81
# environment
USER = faraz
# makefile
.DEFAULT_GOAL := all
# makefile (from `Makefile', line 13)
NAME = minishell
# environment
rvm_version = 1.29.9 (latest)
# automatic
%D = $(patsubst %/,%,$(dir $%))
# default
MAKE_COMMAND := /Applications/Xcode.app/Contents/Developer/usr/bin/make
# default
.VARIABLES := 
# environment
TMPDIR = /var/folders/ry/tbxdcn2x34q_gjw4rn0_gv700000gn/T/
# automatic
*F = $(notdir $*)
# environment
VSCODE_IPC_HOOK = /Users/faraz/Library/Application Support/Code/1.70.0-main.sock
# environment
MallocNanoZone = 0
# makefile (from `Makefile', line 49)
RED = \033[0;31m
# makefile
MAKEFLAGS = Rrqp
# environment
MFLAGS = -Rrqp
# automatic
*D = $(patsubst %/,%,$(dir $*))
# environment
XPC_SERVICE_NAME = application.com.microsoft.VSCode.122056078.122056084
# automatic
+D = $(patsubst %/,%,$(dir $+))
# makefile (from `Makefile', line 32)
HEADERS_DIRECTORY = ./includes/
# environment
rvm_user_install_flag = 1
# automatic
+F = $(notdir $+)
# makefile (from `Makefile', line 26)
LIBFT_HEADERS = $(LIBFT_DIRECTORY)includes/
# environment
__CF_USER_TEXT_ENCODING = 0x1F5:0x0:0x0
# environment
 
COMMAND_MODE = unix2003
# default
MAKEFILES := 
# makefile (from `Makefile', line 44)
OBJECTS_LIST = $(patsubst %.c, %.o, $(SOURCES_LIST))
# makefile (from `Makefile', line 25)
LIBFT_DIRECTORY = $(LIB_DIRECTORY)libft/
# automatic
<F = $(notdir $<)
# environment
LC_ALL = C
# makefile (from `Makefile', line 50)
RESET = \033[0m
# makefile (from `Makefile', line 18)
LIBRARIES = -lft -lft_printf -lreadline -L$(LIBFT_DIRECTORY) -L$(FT_PRINTF_DIRECTORY) -L/usr/local/Cellar/readline/8.1/lib 
# environment
SECURITYSESSIONID = 186a3
# automatic
^F = $(notdir $^)
# environment
rvm_prefix = /Users/faraz
# default
SUFFIXES := 
# makefile (from `Makefile', line 15)
FLAGS = -Wall -Werror -Wextra
# default
.INCLUDE_DIRS = /usr/local/include
# environment
rvm_loaded_flag = 1
# environment
MAKELEVEL := 0
# makefile (from `Makefile', line 45)
OBJECTS = $(addprefix $(OBJECTS_DIRECTORY), $(OBJECTS_LIST))
# environment
LANG = C
# environment
VSCODE_PID = 1512
# variable set hash-table stats:
# Load=91/1024=9%, Rehash=0, Collisions=2/140=1%

# Pattern-specific Variable Values

# No pattern-specific variable values.

# Directories

# . (device 16777220, inode 122403148): 12 files, no impossibilities.
# sources (device 16777220, inode 122403290): 10 files, no impossibilities so far.
# sources/parser (device 16777220, inode 122403292): 5 files, no impossibilities so far.
# includes (device 16777220, inode 122403220): 4 files, no impossibilities so far.
# sources/executor (device 16777220, inode 122408838): 3 files, no impossibilities so far.

# 34 files, no impossibilities in 5 directories.

# Implicit Rules

objects/%.o: ./sources/%.c ./includes/minishell.h
#  commands to execute (from `Makefile', line 68):
	@$(CC) $(FLAGS) -c $(INCLUDES) $< -o $@
	@echo ".\c"
	

# 1 implicit rules, 0 (0.0%) terminal.

# Files

objects/:
#  Implicit rule search has not been done.
#  Last modified 2022-08-18 19:24:17
#  File has been updated.
#  Successfully updated.
#  commands to execute (from `Makefile', line 62):
	@mkdir -p $(OBJECTS_DIRECTORY)
	@mkdir -p $(OBJECTS_DIRECTORY)/parser
	@mkdir -p $(OBJECTS_DIRECTORY)/executor
	@echo "$(NAME): $(GREEN)$(OBJECTS_DIRECTORY) was created$(RESET)"
	

objects/debug.o: sources/debug.c includes/minishell.h
#  Implicit rule search has been done.
#  Implicit/static pattern stem: `debug'
#  Last modified 2022-08-18 19:24:17
#  File has been updated.
#  Successfully updated.
# variable set hash-table stats:
# Load=0/32=0%, Rehash=0, Collisions=0/0=0%
#  commands to execute (from `Makefile', line 68):
	@$(CC) $(FLAGS) -c $(INCLUDES) $< -o $@
	@echo ".\c"
	

# Not a target:
sources/debug.c:
#  Implicit rule search has been done.
#  Last modified 2022-08-18 18:57:58
#  File has been updated.
#  Successfully updated.
# variable set hash-table stats:
# Load=0/32=0%, Rehash=0, Collisions=0/0=0%

all: minishell
#  Phony target (prerequisite of .PHONY).
#  Command-line target.
#  Implicit rule search has not been done.
#  File does not exist.
#  File has been updated.
#  Successfully updated.
# variable set hash-table stats:
# Load=0/32=0%, Rehash=0, Collisions=0/0=0%

.PHONY: all bonus clean fclean re
#  Implicit rule search has not been done.
#  Modification time never checked.
#  File has not been updated.

objects/parser/parser.o: sources/parser/parser.c includes/minishell.h
#  Implicit rule search has been done.
#  Implicit/static pattern stem: `parser/parser'
#  Last modified 2022-08-18 19:24:17
#  File has been updated.
#  Successfully updated.
# variable set hash-table stats:
# Load=0/32=0%, Rehash=0, Collisions=0/0=0%
#  commands to execute (from `Makefile', line 68):
	@$(CC) $(FLAGS) -c $(INCLUDES) $< -o $@
	@echo ".\c"
	

# Not a target:
sources/parser/parser.c:
#  Implicit rule search has been done.
#  Last modified 2022-08-18 19:20:23
#  File has been updated.
 
#  Successfully updated.
# variable set hash-table stats:
# Load=0/32=0%, Rehash=0, Collisions=0/0=0%

objects/keymap.o: sources/keymap.c includes/minishell.h
#  Implicit rule search has been done.
#  Implicit/static pattern stem: `keymap'
#  Last modified 2022-08-18 19:24:17
#  File has been updated.
#  Successfully updated.
# variable set hash-table stats:
# Load=0/32=0%, Rehash=0, Collisions=0/0=0%
#  commands to execute (from `Makefile', line 68):
	@$(CC) $(FLAGS) -c $(INCLUDES) $< -o $@
	@echo ".\c"
	

lib/ft_printf/libft_printf.a:
#  Implicit rule search has not been done.
#  Last modified 2022-08-18 19:24:17
#  File has been updated.
#  Successfully updated.
#  commands to execute (from `Makefile', line 76):
	@echo "$(NAME): $(GREEN)Creating $(FT_PRINTF)...$(RESET)"
	@$(MAKE) -sC $(FT_PRINTF_DIRECTORY)
	

# Not a target:
.SUFFIXES:
#  Implicit rule search has not been done.
#  Modification time never checked.
#  File has not been updated.

# Not a target:
Makefile:
#  Implicit rule search has been done.
#  Last modified 2022-08-18 19:24:10
#  File has been updated.
#  Successfully updated.
# variable set hash-table stats:
# Load=0/32=0%, Rehash=0, Collisions=0/0=0%

# Not a target:
sources/keymap.c:
#  Implicit rule search has been done.
#  Last modified 2022-08-18 18:58:31
#  File has been updated.
#  Successfully updated.
# variable set hash-table stats:
# Load=0/32=0%, Rehash=0, Collisions=0/0=0%

objects/executor/executor.o: sources/executor/executor.c includes/minishell.h
#  Implicit rule search has been done.
#  Implicit/static pattern stem: `executor/executor'
#  Last modified 2022-08-18 19:24:17
#  File has been updated.
#  Successfully updated.
# variable set hash-table stats:
# Load=0/32=0%, Rehash=0, Collisions=0/0=0%
#  commands to execute (from `Makefile', line 68):
	@$(CC) $(FLAGS) -c $(INCLUDES) $< -o $@
	@echo ".\c"
	

objects/str_utils.o: sources/str_utils.c includes/minishell.h
#  Implicit rule search has been done.
#  Implicit/static pattern stem: `str_utils'
#  Last modified 2022-08-18 19:24:17
#  File has been updated.
#  Successfully updated.
# variable set hash-table stats:
# Load=0/32=0%, Rehash=0, Collisions=0/0=0%
#  commands to execute (from `Makefile', line 68):
	@$(CC) $(FLAGS) -c $(INCLUDES) $< -o $@
	@echo ".\c"
	

# Not a target:
sources/executor/executor.c:
#  Implicit rule search has been done.
#  Last modified 2022-08-18 19:19:41
#  File has been updated.
#  Successfully updated.
# variable set hash-table stats:
# Load=0/32=0%, Rehash=0, Collisions=0/0=0%

# Not a target:
sources/str_utils.c:
#  Implicit rule search has been done.
#  Last modified 2022-08-18 18:21:13
#  File has been updated.
#  Successfully updated.
# variable set hash-table stats:
# Load=0/32=0%, Rehash=0, Collisions=0/0=0%

minishell: lib/libft/libft.a lib/ft_printf/libft_printf.a objects/ objects/main.o objects/debug.o objects/keymap.o objects/km_utils.o objects/str_utils.o objects/executor/executor.o objects/parser/parser.o objects/parser/read_cmd.o objects/parser/quote_checker.o
#  Implicit rule search has not been done.
#  Last modified 2022-08-18 19:24:17
#  File has been updated.
#  Successfully updated.
# variable set hash-table stats:
# Load=0/32=0%, Rehash=0, Collisions=0/0=0%
#  commands to execute (from `Makefile', line 57):
	@$(CC) $(FLAGS) $(OBJECTS) $(LIBRARIES) $(INCLUDES) -o $(NAME)
	@echo "\n$(NAME): $(GREEN)object files were created$(RESET)"
	@echo "$(NAME): $(GREEN)$(NAME) was created$(RESET)"
	

bonus: all
#  Phony target (prerequisite of .PHONY).
#  Implicit rule search has not been done.
#  File does not exist.
#  File has not been updated.

fclean: clean
#  Phony target (prerequisite of .PHONY).
#  Implicit rule search has not been done.
#  File does not exist.
#  File has not been updated.
#  commands to execute (from `Makefile', line 86):
	@rm -f $(FT_PRINTF)
	@echo "$(NAME): $(RED)$(FT_PRINTF) was deleted$(RESET)"
	@rm -f $(LIBFT)
	@echo "$(NAME): $(RED)$(LIBFT) was deleted$(RESET)"
	@rm -f $(NAME)
	@echo "$(NAME): $(RED)$(NAME) was deleted$(RESET)"
	

objects/parser/read_cmd.o: sources/parser/read_cmd.c includes/minishell.h
#  Implicit rule search has been done.
#  Implicit/static pattern stem: `parser/read_cmd'
#  Last modified 2022-08-18 19:24:17
#  File has been updated.
#  Successfully updated.
# variable set hash-table stats:
# Load=0/32=0%, Rehash=0, Collisions=0/0=0%
#  commands to execute (from `Makefile', line 68):
	@$(CC) $(FLAGS) -c $(INCLUDES) $< -o $@
 
	@echo ".\c"
	

# Not a target:
sources/parser/read_cmd.c:
#  Implicit rule search has been done.
#  Last modified 2022-08-18 19:22:51
#  File has been updated.
#  Successfully updated.
# variable set hash-table stats:
# Load=0/32=0%, Rehash=0, Collisions=0/0=0%

# Not a target:
.DEFAULT:
#  Implicit rule search has not been done.
#  Modification time never checked.
#  File has not been updated.

re:
#  Phony target (prerequisite of .PHONY).
#  Implicit rule search has not been done.
#  File does not exist.
#  File has not been updated.
#  commands to execute (from `Makefile', line 94):
	@$(MAKE) fclean
	@$(MAKE) all
	

clean:
#  Phony target (prerequisite of .PHONY).
#  Implicit rule search has not been done.
#  File does not exist.
#  File has not been updated.
#  commands to execute (from `Makefile', line 80):
	@$(MAKE) -sC $(LIBFT_DIRECTORY) clean
	@$(MAKE) -sC $(FT_PRINTF_DIRECTORY) clean
	@rm -rf $(OBJECTS_DIRECTORY)
	@echo "$(NAME): $(RED)object files were deleted$(RESET)"
	

objects/km_utils.o: sources/km_utils.c includes/minishell.h
#  Implicit rule search has been done.
#  Implicit/static pattern stem: `km_utils'
#  Last modified 2022-08-18 19:24:17
#  File has been updated.
#  Successfully updated.
# variable set hash-table stats:
# Load=0/32=0%, Rehash=0, Collisions=0/0=0%
#  commands to execute (from `Makefile', line 68):
	@$(CC) $(FLAGS) -c $(INCLUDES) $< -o $@
	@echo ".\c"
	

# Not a target:
sources/km_utils.c:
#  Implicit rule search has been done.
#  Last modified 2022-08-18 18:57:22
#  File has been updated.
#  Successfully updated.
# variable set hash-table stats:
# Load=0/32=0%, Rehash=0, Collisions=0/0=0%

objects/main.o: sources/main.c includes/minishell.h
#  Implicit rule search has been done.
#  Implicit/static pattern stem: `main'
#  Last modified 2022-08-18 19:24:17
#  File has been updated.
#  Successfully updated.
# variable set hash-table stats:
# Load=0/32=0%, Rehash=0, Collisions=0/0=0%
#  commands to execute (from `Makefile', line 68):
	@$(CC) $(FLAGS) -c $(INCLUDES) $< -o $@
	@echo ".\c"
	

lib/libft/libft.a:
#  Implicit rule search has not been done.
#  Last modified 2022-08-18 19:24:16
#  File has been updated.
#  Successfully updated.
#  commands to execute (from `Makefile', line 72):
	@echo "$(NAME): $(GREEN)Creating $(LIBFT)...$(RESET)"
	@$(MAKE) -sC $(LIBFT_DIRECTORY)
	

# Not a target:
sources/main.c:
#  Implicit rule search has been done.
#  Last modified 2022-08-18 19:23:31
#  File has been updated.
#  Successfully updated.
# variable set hash-table stats:
# Load=0/32=0%, Rehash=0, Collisions=0/0=0%

objects/parser/quote_checker.o: sources/parser/quote_checker.c includes/minishell.h
#  Implicit rule search has been done.
#  Implicit/static pattern stem: `parser/quote_checker'
#  Last modified 2022-08-18 19:24:17
#  File has been updated.
#  Successfully updated.
# variable set hash-table stats:
# Load=0/32=0%, Rehash=0, Collisions=0/0=0%
#  commands to execute (from `Makefile', line 68):
	@$(CC) $(FLAGS) -c $(INCLUDES) $< -o $@
	@echo ".\c"
	

# Not a target:
includes/minishell.h:
#  Implicit rule search has been done.
#  Last modified 2022-08-18 19:22:39
#  File has been updated.
#  Successfully updated.
# variable set hash-table stats:
# Load=0/32=0%, Rehash=0, Collisions=0/0=0%

# Not a target:
sources/parser/quote_checker.c:
#  Implicit rule search has been done.
#  Last modified 2022-08-18 19:20:19
#  File has been updated.
#  Successfully updated.
# variable set hash-table stats:
# Load=0/32=0%, Rehash=0, Collisions=0/0=0%

# files hash-table stats:
# Load=32/1024=3%, Rehash=0, Collisions=0/110=0%
# VPATH Search Paths

# No `vpath' search paths.

# No general (`VPATH' variable) search path.

# # of strings in strcache: 1
# # of strcache buffers: 1
# strcache size: total = 4096 / max = 4096 / min = 4096 / avg = 4096
# strcache free: total = 4087 / max = 4087 / min = 4087 / avg = 4087
 

# Finished Make data base on Thu Aug 18 19:24:33 2022

 
